Reading netlist file: "C:\Users\rui\Desktop\iphone_screen\gowin_fpga_mipi_prj\recv_corsslink_data\recv_corsslink_data\impl\gwsynthesis\recv_corsslink_data.vg"
Parsing netlist file "C:\Users\rui\Desktop\iphone_screen\gowin_fpga_mipi_prj\recv_corsslink_data\recv_corsslink_data\impl\gwsynthesis\recv_corsslink_data.vg" completed
Processing netlist completed
Reading constraint file: "C:\Users\rui\Desktop\iphone_screen\gowin_fpga_mipi_prj\recv_corsslink_data\recv_corsslink_data\src\recv_corsslink_data.cst"
Physical Constraint parsed completed
Running placement......
[10%] Placement Phase 0 completed
[20%] Placement Phase 1 completed
[30%] Placement Phase 2 completed
WARN  (TA1132) :  'psram_inst/u_psram_top/clkdiv/CLKOUT.default_gen_clk' was determined to be a clock but was not created.
[50%] Placement Phase 3 completed
Running routing......
[60%] Routing Phase 0 completed
[70%] Routing Phase 1 completed
[80%] Routing Phase 2 completed
WARN  (PR1014) : Generic routing resource will be used to clock signal 'ddr_clk_d' by the specified constraint. And then it may lead to the excessive delay or skew
[90%] Routing Phase 3 completed
Running timing analysis......
[95%] Timing analysis completed
Placement and routing completed
Bitstream generation in progress......
Bitstream generation completed
Running power analysis......
[100%] Power analysis completed
Generate file "C:\Users\rui\Desktop\iphone_screen\gowin_fpga_mipi_prj\recv_corsslink_data\recv_corsslink_data\impl\pnr\recv_corsslink_data.power.html" completed
Generate file "C:\Users\rui\Desktop\iphone_screen\gowin_fpga_mipi_prj\recv_corsslink_data\recv_corsslink_data\impl\pnr\recv_corsslink_data.pin.html" completed
Generate file "C:\Users\rui\Desktop\iphone_screen\gowin_fpga_mipi_prj\recv_corsslink_data\recv_corsslink_data\impl\pnr\recv_corsslink_data.rpt.html" completed
Generate file "C:\Users\rui\Desktop\iphone_screen\gowin_fpga_mipi_prj\recv_corsslink_data\recv_corsslink_data\impl\pnr\recv_corsslink_data.rpt.txt" completed
Generate file "C:\Users\rui\Desktop\iphone_screen\gowin_fpga_mipi_prj\recv_corsslink_data\recv_corsslink_data\impl\pnr\recv_corsslink_data.tr.html" completed
Mon Jul 21 23:46:45 2025

