=============================================================================
Filelist generated by IPexpress/Clarity    07/22/2025    00:50:19        
Filename  : mipi_rx_filelist.log                                   
IP package: CSI-2/DSI D-PHY Receiver 1.6                              
Copyright(c) 2015 Lattice Semiconductor Corporation. All rights reserved.    
=============================================================================

-----------------------------------------------------------------------------
Basic IP Core Files
Output Directory: C:/Users/rui/Desktop/iphone_screen/crosslink_fpga_mipi_prj/iphone7_mipi_v3/ip/mipi/mipi_rx 
-----------------------------------------------------------------------------
  mipi_rx.lpc                      : IP ispLEVER LPC File
  mipi_rx.v                        : IP Verilog Top Module
  mipi_rx_dphy_rx.v                : IP Verilog Submodule
  mipi_rx_capture_ctrl_bb.v        : IP Verilog Black-box for Synthesis
  mipi_rx_dphy_rx_wrap_bb.v        : IP Verilog Black-box for Synthesis
  mipi_rx_soft_dphy_rx_bb.v        : IP Verilog Black-box for Synthesis
  mipi_rx_rx_global_ctrl_bb.v      : IP Verilog Black-box for Synthesis
  mipi_rx_capture_ctrl.v           : IP Verilog Submodule for Simulation
  mipi_rx_soft_dphy_rx.v           : IP Verilog Submodule for Simulation
  mipi_rx_dphy_wrapper.v           : IP Verilog Submodule for Simulation
  mipi_rx_dphy_rx_wrap.v           : IP Verilog Submodule for Simulation
  mipi_rx_rx_global_ctrl.v         : IP Verilog Submodule for Simulation
  mipi_rx_params.v                 : IP Verilog Defines File
  mipi_rx_gen.log                  : IP Status Log
  mipi_rx_generate.log             : IP Generate Log
ngo files:
  mipi_rx_capture_ctrl.ngo
  mipi_rx_dphy_rx_wrap.ngo
  mipi_rx_rx_global_ctrl.ngo
  mipi_rx_soft_dphy_rx.ngo
  pmi_fifoLLr1304416b8506c3.ngo
  pmi_fifoLLr1304432b84fb35.ngo
  pmi_fifo_dcELar11023010241024102432321082c8ab.ngo
  pmi_fifo_dcELar112701281281283232104c668c.ngo
  pmi_fifo_dcELar120470204820482048323210833aef.ngo
  pmi_fifo_dcELar1409504096409640963232108390dd.ngo
  pmi_fifo_dcELar151105125125123232104c3636.ngo
  pmi_fifo_dcLLan13044411fbeaa5d.ngo
  pmi_fifo_dcLLan1304441212fe2a1a3.ngo

-----------------------------------------------------------------------------
Supplemental Implementation and Simulation Files:
 
Testbench files common to all CSI-2/DSI D-PHY Receiver configurations
    ../C:/Users/rui/Desktop/iphone_screen/crosslink_fpga_mipi_prj/iphone7_mipi_v3/ip/mipi/mipi_rx/dphy_rx_eval/testbench 
 
Models common to all CSI-2/DSI D-PHY Receiver configurations
    ../C:/Users/rui/Desktop/iphone_screen/crosslink_fpga_mipi_prj/iphone7_mipi_v3/ip/mipi/mipi_rx/dphy_rx_eval/models/lifmd 
 
Simulation files specific to mipi_rx configuration
    ../C:/Users/rui/Desktop/iphone_screen/crosslink_fpga_mipi_prj/iphone7_mipi_v3/ip/mipi/mipi_rx/dphy_rx_eval/mipi_rx/sim/modelsim 
    ../C:/Users/rui/Desktop/iphone_screen/crosslink_fpga_mipi_prj/iphone7_mipi_v3/ip/mipi/mipi_rx/dphy_rx_eval/mipi_rx/sim/aldec 
 
Implementation files specific to mipi_rx configuration
    ../C:/Users/rui/Desktop/iphone_screen/crosslink_fpga_mipi_prj/iphone7_mipi_v3/ip/mipi/mipi_rx/dphy_rx_eval/mipi_rx/impl 

