Flow report for rgb_fpga
Sun Jul 27 14:14:07 2025
Quartus II 64-Bit Version 13.1.0 Build 162 10/23/2013 SJ Full Version


---------------------
; Table of Contents ;
---------------------
  1. Legal Notice
  2. Flow Summary
  3. Flow Settings
  4. Flow Non-Default Global Settings
  5. Flow Elapsed Time
  6. Flow OS Summary
  7. Flow Log
  8. Flow Messages
  9. Flow Suppressed Messages



----------------
; Legal Notice ;
----------------
Copyright (C) 1991-2013 Altera Corporation
Your use of Altera Corporation's design tools, logic functions 
and other software and tools, and its AMPP partner logic 
functions, and any output files from any of the foregoing 
(including device programming or simulation files), and any 
associated documentation or information are expressly subject 
to the terms and conditions of the Altera Program License 
Subscription Agreement, Altera MegaCore Function License 
Agreement, or other applicable license agreement, including, 
without limitation, that your use is for the sole purpose of 
programming logic devices manufactured by Altera and sold by 
Altera or its authorized distributors.  Please refer to the 
applicable agreement for further details.



+----------------------------------------------------------------------------------+
; Flow Summary                                                                     ;
+------------------------------------+---------------------------------------------+
; Flow Status                        ; Successful - Sun Jul 27 14:14:04 2025       ;
; Quartus II 64-Bit Version          ; 13.1.0 Build 162 10/23/2013 SJ Full Version ;
; Revision Name                      ; rgb_fpga                                    ;
; Top-level Entity Name              ; rgb_fpga                                    ;
; Family                             ; Cyclone IV E                                ;
; Device                             ; EP4CE10F17C8                                ;
; Timing Models                      ; Final                                       ;
; Total logic elements               ; 256 / 10,320 ( 2 % )                        ;
;     Total combinational functions  ; 228 / 10,320 ( 2 % )                        ;
;     Dedicated logic registers      ; 75 / 10,320 ( < 1 % )                       ;
; Total registers                    ; 75                                          ;
; Total pins                         ; 31 / 180 ( 17 % )                           ;
; Total virtual pins                 ; 0                                           ;
; Total memory bits                  ; 0 / 423,936 ( 0 % )                         ;
; Embedded Multiplier 9-bit elements ; 0 / 46 ( 0 % )                              ;
; Total PLLs                         ; 0 / 2 ( 0 % )                               ;
+------------------------------------+---------------------------------------------+


+-----------------------------------------+
; Flow Settings                           ;
+-------------------+---------------------+
; Option            ; Setting             ;
+-------------------+---------------------+
; Start date & time ; 04/03/2025 17:09:20 ;
; Main task         ; Compilation         ;
; Revision Name     ; rgb_fpga            ;
+-------------------+---------------------+


+------------------------------------------------------------------------------------------------------------------------+
; Flow Non-Default Global Settings                                                                                       ;
+-------------------------------------+---------------------------------------+---------------+-------------+------------+
; Assignment Name                     ; Value                                 ; Default Value ; Entity Name ; Section Id ;
+-------------------------------------+---------------------------------------+---------------+-------------+------------+
; COMPILER_SIGNATURE_ID               ; 4930991615856.174367136040788         ; --            ; --          ; --         ;
; ENABLE_SIGNALTAP                    ; Off                                   ; --            ; --          ; --         ;
; MAX_CORE_JUNCTION_TEMP              ; 85                                    ; --            ; --          ; --         ;
; MIN_CORE_JUNCTION_TEMP              ; 0                                     ; --            ; --          ; --         ;
; NOMINAL_CORE_SUPPLY_VOLTAGE         ; 1.2V                                  ; --            ; --          ; --         ;
; PARTITION_COLOR                     ; 16764057                              ; --            ; --          ; Top        ;
; PARTITION_FITTER_PRESERVATION_LEVEL ; PLACEMENT_AND_ROUTING                 ; --            ; --          ; Top        ;
; PARTITION_NETLIST_TYPE              ; POST_FIT                              ; --            ; --          ; Top        ;
; POWER_BOARD_THERMAL_MODEL           ; None (CONSERVATIVE)                   ; --            ; --          ; --         ;
; POWER_PRESET_COOLING_SOLUTION       ; 23 MM HEAT SINK WITH 200 LFPM AIRFLOW ; --            ; --          ; --         ;
; PROJECT_OUTPUT_DIRECTORY            ; output_files                          ; --            ; --          ; --         ;
; USE_SIGNALTAP_FILE                  ; stp1.stp                              ; --            ; --          ; --         ;
+-------------------------------------+---------------------------------------+---------------+-------------+------------+


+-------------------------------------------------------------------------------------------------------------------------------+
; Flow Elapsed Time                                                                                                             ;
+---------------------------+--------------+-------------------------+---------------------+------------------------------------+
; Module Name               ; Elapsed Time ; Average Processors Used ; Peak Virtual Memory ; Total CPU Time (on all processors) ;
+---------------------------+--------------+-------------------------+---------------------+------------------------------------+
; Analysis & Synthesis      ; 00:00:01     ; 1.0                     ; 4680 MB             ; 00:00:01                           ;
; Partition Merge           ; 00:00:00     ; 1.0                     ; 4661 MB             ; 00:00:00                           ;
; Fitter                    ; 00:00:04     ; 1.0                     ; 6158 MB             ; 00:00:05                           ;
; Assembler                 ; 00:00:00     ; 1.0                     ; 4605 MB             ; 00:00:01                           ;
; TimeQuest Timing Analyzer ; 00:00:01     ; 1.0                     ; 4817 MB             ; 00:00:01                           ;
; Analysis & Synthesis      ; 00:00:01     ; 1.0                     ; 4684 MB             ; 00:00:01                           ;
; Partition Merge           ; 00:00:00     ; 1.0                     ; 4661 MB             ; 00:00:00                           ;
; Fitter                    ; 00:00:03     ; 6.0                     ; 6145 MB             ; 00:00:05                           ;
; Assembler                 ; 00:00:01     ; 1.0                     ; 4605 MB             ; 00:00:01                           ;
; TimeQuest Timing Analyzer ; 00:00:01     ; 1.0                     ; 4817 MB             ; 00:00:01                           ;
; Analysis & Synthesis      ; 00:00:01     ; 1.0                     ; 4693 MB             ; 00:00:01                           ;
; Partition Merge           ; 00:00:01     ; 1.0                     ; 4661 MB             ; 00:00:00                           ;
; Fitter                    ; 00:00:04     ; 3.3                     ; 6150 MB             ; 00:00:05                           ;
; Assembler                 ; 00:00:01     ; 1.0                     ; 4605 MB             ; 00:00:01                           ;
; TimeQuest Timing Analyzer ; 00:00:01     ; 1.0                     ; 4817 MB             ; 00:00:01                           ;
; Analysis & Synthesis      ; 00:00:01     ; 1.0                     ; 4693 MB             ; 00:00:01                           ;
; Partition Merge           ; 00:00:00     ; 1.0                     ; 4661 MB             ; 00:00:00                           ;
; Fitter                    ; 00:00:03     ; 1.0                     ; 6166 MB             ; 00:00:05                           ;
; Assembler                 ; 00:00:00     ; 1.0                     ; 4605 MB             ; 00:00:01                           ;
; TimeQuest Timing Analyzer ; 00:00:01     ; 1.0                     ; 4817 MB             ; 00:00:01                           ;
; Analysis & Synthesis      ; 00:00:02     ; 1.0                     ; 4689 MB             ; 00:00:01                           ;
; Partition Merge           ; 00:00:00     ; 1.0                     ; 4661 MB             ; 00:00:00                           ;
; Fitter                    ; 00:00:04     ; 1.0                     ; 6155 MB             ; 00:00:06                           ;
; Assembler                 ; 00:00:01     ; 1.0                     ; 4605 MB             ; 00:00:00                           ;
; TimeQuest Timing Analyzer ; 00:00:01     ; 1.0                     ; 4817 MB             ; 00:00:01                           ;
; Analysis & Synthesis      ; 00:00:01     ; 1.0                     ; 4693 MB             ; 00:00:01                           ;
; Partition Merge           ; 00:00:00     ; 1.0                     ; 4662 MB             ; 00:00:00                           ;
; Fitter                    ; 00:00:04     ; 6.0                     ; 6168 MB             ; 00:00:05                           ;
; Assembler                 ; 00:00:00     ; 1.0                     ; 4605 MB             ; 00:00:01                           ;
; TimeQuest Timing Analyzer ; 00:00:01     ; 1.0                     ; 4817 MB             ; 00:00:01                           ;
; Analysis & Synthesis      ; 00:00:01     ; 1.0                     ; 4619 MB             ; 00:00:00                           ;
; Partition Merge           ; 00:00:01     ; 1.0                     ; 4661 MB             ; 00:00:00                           ;
; Fitter                    ; 00:00:02     ; 8.5                     ; 6001 MB             ; 00:00:03                           ;
; Assembler                 ; 00:00:01     ; 1.0                     ; 4605 MB             ; 00:00:00                           ;
; TimeQuest Timing Analyzer ; 00:00:02     ; 1.0                     ; 4817 MB             ; 00:00:01                           ;
; MIF/HEX Update            ; 00:00:01     ; 1.0                     ; 4644 MB             ; 00:00:00                           ;
; Analysis & Synthesis      ; 00:00:01     ; 1.0                     ; 4691 MB             ; 00:00:01                           ;
; Partition Merge           ; 00:00:00     ; 1.0                     ; 4662 MB             ; 00:00:00                           ;
; Fitter                    ; 00:00:04     ; 6.0                     ; 6161 MB             ; 00:00:06                           ;
; Assembler                 ; 00:00:01     ; 1.0                     ; 4607 MB             ; 00:00:01                           ;
; TimeQuest Timing Analyzer ; 00:00:01     ; 1.0                     ; 4820 MB             ; 00:00:01                           ;
; Analysis & Synthesis      ; 00:00:01     ; 1.0                     ; 4691 MB             ; 00:00:01                           ;
; Partition Merge           ; 00:00:01     ; 1.0                     ; 4662 MB             ; 00:00:00                           ;
; Fitter                    ; 00:00:03     ; 1.0                     ; 6153 MB             ; 00:00:06                           ;
; Assembler                 ; 00:00:00     ; 1.0                     ; 4593 MB             ; 00:00:01                           ;
; TimeQuest Timing Analyzer ; 00:00:02     ; 1.0                     ; 4824 MB             ; 00:00:01                           ;
; Analysis & Synthesis      ; 00:00:02     ; 1.0                     ; 4695 MB             ; 00:00:01                           ;
; Partition Merge           ; 00:00:00     ; 1.0                     ; 4662 MB             ; 00:00:00                           ;
; Fitter                    ; 00:00:04     ; 2.8                     ; 6161 MB             ; 00:00:05                           ;
; Assembler                 ; 00:00:01     ; 1.0                     ; 4606 MB             ; 00:00:01                           ;
; TimeQuest Timing Analyzer ; 00:00:01     ; 1.0                     ; 4819 MB             ; 00:00:01                           ;
; Analysis & Synthesis      ; 00:00:02     ; 1.0                     ; 4695 MB             ; 00:00:01                           ;
; Partition Merge           ; 00:00:01     ; 1.0                     ; 4662 MB             ; 00:00:01                           ;
; Fitter                    ; 00:00:04     ; 1.8                     ; 6160 MB             ; 00:00:07                           ;
; Assembler                 ; 00:00:00     ; 1.0                     ; 4606 MB             ; 00:00:01                           ;
; TimeQuest Timing Analyzer ; 00:00:02     ; 1.0                     ; 4824 MB             ; 00:00:01                           ;
; Analysis & Synthesis      ; 00:00:02     ; 1.0                     ; 4695 MB             ; 00:00:01                           ;
; Partition Merge           ; 00:00:01     ; 1.0                     ; 4662 MB             ; 00:00:00                           ;
; Fitter                    ; 00:00:04     ; 4.8                     ; 6170 MB             ; 00:00:06                           ;
; Assembler                 ; 00:00:00     ; 1.0                     ; 4606 MB             ; 00:00:01                           ;
; TimeQuest Timing Analyzer ; 00:00:02     ; 1.0                     ; 4819 MB             ; 00:00:01                           ;
; Analysis & Synthesis      ; 00:00:01     ; 1.0                     ; 4695 MB             ; 00:00:01                           ;
; Partition Merge           ; 00:00:01     ; 1.0                     ; 4662 MB             ; 00:00:00                           ;
; Fitter                    ; 00:00:03     ; 1.0                     ; 6149 MB             ; 00:00:06                           ;
; Assembler                 ; 00:00:00     ; 1.0                     ; 4606 MB             ; 00:00:01                           ;
; TimeQuest Timing Analyzer ; 00:00:02     ; 1.0                     ; 4825 MB             ; 00:00:01                           ;
; Analysis & Synthesis      ; 00:00:01     ; 1.0                     ; 4695 MB             ; 00:00:01                           ;
; Partition Merge           ; 00:00:00     ; 1.0                     ; 4662 MB             ; 00:00:00                           ;
; Fitter                    ; 00:00:04     ; 1.0                     ; 6171 MB             ; 00:00:06                           ;
; Assembler                 ; 00:00:02     ; 1.0                     ; 4606 MB             ; 00:00:01                           ;
; TimeQuest Timing Analyzer ; 00:00:02     ; 1.0                     ; 4824 MB             ; 00:00:01                           ;
; Total                     ; 00:01:43     ; --                      ; --                  ; 00:01:56                           ;
+---------------------------+--------------+-------------------------+---------------------+------------------------------------+


+----------------------------------------------------------------------------------------+
; Flow OS Summary                                                                        ;
+---------------------------+------------------+-----------+------------+----------------+
; Module Name               ; Machine Hostname ; OS Name   ; OS Version ; Processor type ;
+---------------------------+------------------+-----------+------------+----------------+
; Analysis & Synthesis      ; Zhaorui-i9       ; Windows 7 ; 6.2        ; x86_64         ;
; Partition Merge           ; Zhaorui-i9       ; Windows 7 ; 6.2        ; x86_64         ;
; Fitter                    ; Zhaorui-i9       ; Windows 7 ; 6.2        ; x86_64         ;
; Assembler                 ; Zhaorui-i9       ; Windows 7 ; 6.2        ; x86_64         ;
; TimeQuest Timing Analyzer ; Zhaorui-i9       ; Windows 7 ; 6.2        ; x86_64         ;
; Analysis & Synthesis      ; Zhaorui-i9       ; Windows 7 ; 6.2        ; x86_64         ;
; Partition Merge           ; Zhaorui-i9       ; Windows 7 ; 6.2        ; x86_64         ;
; Fitter                    ; Zhaorui-i9       ; Windows 7 ; 6.2        ; x86_64         ;
; Assembler                 ; Zhaorui-i9       ; Windows 7 ; 6.2        ; x86_64         ;
; TimeQuest Timing Analyzer ; Zhaorui-i9       ; Windows 7 ; 6.2        ; x86_64         ;
; Analysis & Synthesis      ; Zhaorui-i9       ; Windows 7 ; 6.2        ; x86_64         ;
; Partition Merge           ; Zhaorui-i9       ; Windows 7 ; 6.2        ; x86_64         ;
; Fitter                    ; Zhaorui-i9       ; Windows 7 ; 6.2        ; x86_64         ;
; Assembler                 ; Zhaorui-i9       ; Windows 7 ; 6.2        ; x86_64         ;
; TimeQuest Timing Analyzer ; Zhaorui-i9       ; Windows 7 ; 6.2        ; x86_64         ;
; Analysis & Synthesis      ; Zhaorui-i9       ; Windows 7 ; 6.2        ; x86_64         ;
; Partition Merge           ; Zhaorui-i9       ; Windows 7 ; 6.2        ; x86_64         ;
; Fitter                    ; Zhaorui-i9       ; Windows 7 ; 6.2        ; x86_64         ;
; Assembler                 ; Zhaorui-i9       ; Windows 7 ; 6.2        ; x86_64         ;
; TimeQuest Timing Analyzer ; Zhaorui-i9       ; Windows 7 ; 6.2        ; x86_64         ;
; Analysis & Synthesis      ; Zhaorui-i9       ; Windows 7 ; 6.2        ; x86_64         ;
; Partition Merge           ; Zhaorui-i9       ; Windows 7 ; 6.2        ; x86_64         ;
; Fitter                    ; Zhaorui-i9       ; Windows 7 ; 6.2        ; x86_64         ;
; Assembler                 ; Zhaorui-i9       ; Windows 7 ; 6.2        ; x86_64         ;
; TimeQuest Timing Analyzer ; Zhaorui-i9       ; Windows 7 ; 6.2        ; x86_64         ;
; Analysis & Synthesis      ; Zhaorui-i9       ; Windows 7 ; 6.2        ; x86_64         ;
; Partition Merge           ; Zhaorui-i9       ; Windows 7 ; 6.2        ; x86_64         ;
; Fitter                    ; Zhaorui-i9       ; Windows 7 ; 6.2        ; x86_64         ;
; Assembler                 ; Zhaorui-i9       ; Windows 7 ; 6.2        ; x86_64         ;
; TimeQuest Timing Analyzer ; Zhaorui-i9       ; Windows 7 ; 6.2        ; x86_64         ;
; Analysis & Synthesis      ; Zhaorui-i9       ; Windows 7 ; 6.2        ; x86_64         ;
; Partition Merge           ; Zhaorui-i9       ; Windows 7 ; 6.2        ; x86_64         ;
; Fitter                    ; Zhaorui-i9       ; Windows 7 ; 6.2        ; x86_64         ;
; Assembler                 ; Zhaorui-i9       ; Windows 7 ; 6.2        ; x86_64         ;
; TimeQuest Timing Analyzer ; Zhaorui-i9       ; Windows 7 ; 6.2        ; x86_64         ;
; MIF/HEX Update            ; Zhaorui-i9       ; Windows 7 ; 6.2        ; x86_64         ;
; Analysis & Synthesis      ; Zhaorui-i9       ; Windows 7 ; 6.2        ; x86_64         ;
; Partition Merge           ; Zhaorui-i9       ; Windows 7 ; 6.2        ; x86_64         ;
; Fitter                    ; Zhaorui-i9       ; Windows 7 ; 6.2        ; x86_64         ;
; Assembler                 ; Zhaorui-i9       ; Windows 7 ; 6.2        ; x86_64         ;
; TimeQuest Timing Analyzer ; Zhaorui-i9       ; Windows 7 ; 6.2        ; x86_64         ;
; Analysis & Synthesis      ; Zhaorui-i9       ; Windows 7 ; 6.2        ; x86_64         ;
; Partition Merge           ; Zhaorui-i9       ; Windows 7 ; 6.2        ; x86_64         ;
; Fitter                    ; Zhaorui-i9       ; Windows 7 ; 6.2        ; x86_64         ;
; Assembler                 ; Zhaorui-i9       ; Windows 7 ; 6.2        ; x86_64         ;
; TimeQuest Timing Analyzer ; Zhaorui-i9       ; Windows 7 ; 6.2        ; x86_64         ;
; Analysis & Synthesis      ; Zhaorui-i9       ; Windows 7 ; 6.2        ; x86_64         ;
; Partition Merge           ; Zhaorui-i9       ; Windows 7 ; 6.2        ; x86_64         ;
; Fitter                    ; Zhaorui-i9       ; Windows 7 ; 6.2        ; x86_64         ;
; Assembler                 ; Zhaorui-i9       ; Windows 7 ; 6.2        ; x86_64         ;
; TimeQuest Timing Analyzer ; Zhaorui-i9       ; Windows 7 ; 6.2        ; x86_64         ;
; Analysis & Synthesis      ; Zhaorui-i9       ; Windows 7 ; 6.2        ; x86_64         ;
; Partition Merge           ; Zhaorui-i9       ; Windows 7 ; 6.2        ; x86_64         ;
; Fitter                    ; Zhaorui-i9       ; Windows 7 ; 6.2        ; x86_64         ;
; Assembler                 ; Zhaorui-i9       ; Windows 7 ; 6.2        ; x86_64         ;
; TimeQuest Timing Analyzer ; Zhaorui-i9       ; Windows 7 ; 6.2        ; x86_64         ;
; Analysis & Synthesis      ; Zhaorui-i9       ; Windows 7 ; 6.2        ; x86_64         ;
; Partition Merge           ; Zhaorui-i9       ; Windows 7 ; 6.2        ; x86_64         ;
; Fitter                    ; Zhaorui-i9       ; Windows 7 ; 6.2        ; x86_64         ;
; Assembler                 ; Zhaorui-i9       ; Windows 7 ; 6.2        ; x86_64         ;
; TimeQuest Timing Analyzer ; Zhaorui-i9       ; Windows 7 ; 6.2        ; x86_64         ;
; Analysis & Synthesis      ; Zhaorui-i9       ; Windows 7 ; 6.2        ; x86_64         ;
; Partition Merge           ; Zhaorui-i9       ; Windows 7 ; 6.2        ; x86_64         ;
; Fitter                    ; Zhaorui-i9       ; Windows 7 ; 6.2        ; x86_64         ;
; Assembler                 ; Zhaorui-i9       ; Windows 7 ; 6.2        ; x86_64         ;
; TimeQuest Timing Analyzer ; Zhaorui-i9       ; Windows 7 ; 6.2        ; x86_64         ;
; Analysis & Synthesis      ; Zhaorui-i9       ; Windows 7 ; 6.2        ; x86_64         ;
; Partition Merge           ; Zhaorui-i9       ; Windows 7 ; 6.2        ; x86_64         ;
; Fitter                    ; Zhaorui-i9       ; Windows 7 ; 6.2        ; x86_64         ;
; Assembler                 ; Zhaorui-i9       ; Windows 7 ; 6.2        ; x86_64         ;
; TimeQuest Timing Analyzer ; Zhaorui-i9       ; Windows 7 ; 6.2        ; x86_64         ;
+---------------------------+------------------+-----------+------------+----------------+


------------
; Flow Log ;
------------
quartus_map --read_settings_files=on --write_settings_files=off rgb_fpga -c rgb_fpga
quartus_cdb --read_settings_files=off --write_settings_files=off rgb_fpga -c rgb_fpga --merge=on
quartus_fit --read_settings_files=off --write_settings_files=off rgb_fpga -c rgb_fpga
quartus_asm --read_settings_files=off --write_settings_files=off rgb_fpga -c rgb_fpga
quartus_sta rgb_fpga -c rgb_fpga
quartus_map --read_settings_files=on --write_settings_files=off rgb_fpga -c rgb_fpga
quartus_cdb --read_settings_files=off --write_settings_files=off rgb_fpga -c rgb_fpga --merge=on
quartus_fit --read_settings_files=off --write_settings_files=off rgb_fpga -c rgb_fpga
quartus_asm --read_settings_files=off --write_settings_files=off rgb_fpga -c rgb_fpga
quartus_sta rgb_fpga -c rgb_fpga
quartus_map --read_settings_files=on --write_settings_files=off rgb_fpga -c rgb_fpga
quartus_cdb --read_settings_files=off --write_settings_files=off rgb_fpga -c rgb_fpga --merge=on
quartus_fit --read_settings_files=off --write_settings_files=off rgb_fpga -c rgb_fpga
quartus_asm --read_settings_files=off --write_settings_files=off rgb_fpga -c rgb_fpga
quartus_sta rgb_fpga -c rgb_fpga
quartus_map --read_settings_files=on --write_settings_files=off rgb_fpga -c rgb_fpga
quartus_cdb --read_settings_files=off --write_settings_files=off rgb_fpga -c rgb_fpga --merge=on
quartus_fit --read_settings_files=off --write_settings_files=off rgb_fpga -c rgb_fpga
quartus_asm --read_settings_files=off --write_settings_files=off rgb_fpga -c rgb_fpga
quartus_sta rgb_fpga -c rgb_fpga
quartus_map --read_settings_files=on --write_settings_files=off rgb_fpga -c rgb_fpga
quartus_cdb --read_settings_files=off --write_settings_files=off rgb_fpga -c rgb_fpga --merge=on
quartus_fit --read_settings_files=off --write_settings_files=off rgb_fpga -c rgb_fpga
quartus_asm --read_settings_files=off --write_settings_files=off rgb_fpga -c rgb_fpga
quartus_sta rgb_fpga -c rgb_fpga
quartus_map --read_settings_files=on --write_settings_files=off rgb_fpga -c rgb_fpga
quartus_cdb --read_settings_files=off --write_settings_files=off rgb_fpga -c rgb_fpga --merge=on
quartus_fit --read_settings_files=off --write_settings_files=off rgb_fpga -c rgb_fpga
quartus_asm --read_settings_files=off --write_settings_files=off rgb_fpga -c rgb_fpga
quartus_sta rgb_fpga -c rgb_fpga
quartus_map --read_settings_files=on --write_settings_files=off rgb_fpga -c rgb_fpga
quartus_cdb --read_settings_files=off --write_settings_files=off rgb_fpga -c rgb_fpga --merge=on
quartus_fit --read_settings_files=off --write_settings_files=off rgb_fpga -c rgb_fpga
quartus_asm --read_settings_files=off --write_settings_files=off rgb_fpga -c rgb_fpga
quartus_sta rgb_fpga -c rgb_fpga
quartus_cdb rgb_fpga -c rgb_fpga --update_mif
quartus_map --read_settings_files=on --write_settings_files=off rgb_fpga -c rgb_fpga
quartus_cdb --read_settings_files=off --write_settings_files=off rgb_fpga -c rgb_fpga --merge=on
quartus_fit --read_settings_files=off --write_settings_files=off rgb_fpga -c rgb_fpga
quartus_asm --read_settings_files=off --write_settings_files=off rgb_fpga -c rgb_fpga
quartus_sta rgb_fpga -c rgb_fpga
quartus_map --read_settings_files=on --write_settings_files=off rgb_fpga -c rgb_fpga
quartus_cdb --read_settings_files=off --write_settings_files=off rgb_fpga -c rgb_fpga --merge=on
quartus_fit --read_settings_files=off --write_settings_files=off rgb_fpga -c rgb_fpga
quartus_asm --read_settings_files=off --write_settings_files=off rgb_fpga -c rgb_fpga
quartus_sta rgb_fpga -c rgb_fpga
quartus_map --read_settings_files=on --write_settings_files=off rgb_fpga -c rgb_fpga
quartus_cdb --read_settings_files=off --write_settings_files=off rgb_fpga -c rgb_fpga --merge=on
quartus_fit --read_settings_files=off --write_settings_files=off rgb_fpga -c rgb_fpga
quartus_asm --read_settings_files=off --write_settings_files=off rgb_fpga -c rgb_fpga
quartus_sta rgb_fpga -c rgb_fpga
quartus_map --read_settings_files=on --write_settings_files=off rgb_fpga -c rgb_fpga
quartus_cdb --read_settings_files=off --write_settings_files=off rgb_fpga -c rgb_fpga --merge=on
quartus_fit --read_settings_files=off --write_settings_files=off rgb_fpga -c rgb_fpga
quartus_asm --read_settings_files=off --write_settings_files=off rgb_fpga -c rgb_fpga
quartus_sta rgb_fpga -c rgb_fpga
quartus_map --read_settings_files=on --write_settings_files=off rgb_fpga -c rgb_fpga
quartus_cdb --read_settings_files=off --write_settings_files=off rgb_fpga -c rgb_fpga --merge=on
quartus_fit --read_settings_files=off --write_settings_files=off rgb_fpga -c rgb_fpga
quartus_asm --read_settings_files=off --write_settings_files=off rgb_fpga -c rgb_fpga
quartus_sta rgb_fpga -c rgb_fpga
quartus_map --read_settings_files=on --write_settings_files=off rgb_fpga -c rgb_fpga
quartus_cdb --read_settings_files=off --write_settings_files=off rgb_fpga -c rgb_fpga --merge=on
quartus_fit --read_settings_files=off --write_settings_files=off rgb_fpga -c rgb_fpga
quartus_asm --read_settings_files=off --write_settings_files=off rgb_fpga -c rgb_fpga
quartus_sta rgb_fpga -c rgb_fpga
quartus_map --read_settings_files=on --write_settings_files=off rgb_fpga -c rgb_fpga
quartus_cdb --read_settings_files=off --write_settings_files=off rgb_fpga -c rgb_fpga --merge=on
quartus_fit --read_settings_files=off --write_settings_files=off rgb_fpga -c rgb_fpga
quartus_asm --read_settings_files=off --write_settings_files=off rgb_fpga -c rgb_fpga
quartus_sta rgb_fpga -c rgb_fpga



