Reading netlist file: "C:\Users\rui\Desktop\iphone7-lcd-reverse-engineering\touch\spi_sniffer\spi_sniffer_fpga\impl\gwsynthesis\spi_sniffer_fpga.vg"
Parsing netlist file "C:\Users\rui\Desktop\iphone7-lcd-reverse-engineering\touch\spi_sniffer\spi_sniffer_fpga\impl\gwsynthesis\spi_sniffer_fpga.vg" completed
Processing netlist completed
Reading constraint file: "C:\Users\rui\Desktop\iphone7-lcd-reverse-engineering\touch\spi_sniffer\spi_sniffer_fpga\src\spi_sniffer_fpga.cst"
Physical Constraint parsed completed
Running placement......
[10%] Placement Phase 0 completed
[20%] Placement Phase 1 completed
[30%] Placement Phase 2 completed
WARN  (TA1132) :  'clk_50m' was determined to be a clock but was not created.
WARN  (TA1132) :  'tck_pad_i' was determined to be a clock but was not created.
[50%] Placement Phase 3 completed
Running routing......
[60%] Routing Phase 0 completed
[70%] Routing Phase 1 completed
[80%] Routing Phase 2 completed
[90%] Routing Phase 3 completed
Running timing analysis......
[95%] Timing analysis completed
Placement and routing completed
Bitstream generation in progress......
Bitstream generation completed
Running power analysis......
[100%] Power analysis completed
Generate file "C:\Users\rui\Desktop\iphone7-lcd-reverse-engineering\touch\spi_sniffer\spi_sniffer_fpga\impl\pnr\spi_sniffer_fpga.power.html" completed
Generate file "C:\Users\rui\Desktop\iphone7-lcd-reverse-engineering\touch\spi_sniffer\spi_sniffer_fpga\impl\pnr\spi_sniffer_fpga.pin.html" completed
Generate file "C:\Users\rui\Desktop\iphone7-lcd-reverse-engineering\touch\spi_sniffer\spi_sniffer_fpga\impl\pnr\spi_sniffer_fpga.rpt.html" completed
Generate file "C:\Users\rui\Desktop\iphone7-lcd-reverse-engineering\touch\spi_sniffer\spi_sniffer_fpga\impl\pnr\spi_sniffer_fpga.rpt.txt" completed
Generate file "C:\Users\rui\Desktop\iphone7-lcd-reverse-engineering\touch\spi_sniffer\spi_sniffer_fpga\impl\pnr\spi_sniffer_fpga.tr.html" completed
Thu Jul 31 16:20:31 2025

