Reading netlist file: "C:\Users\rui\Desktop\iphone_screen\gowin_fpga_mipi_prj\mipi_dphy_protocol_analyzer\impl\gwsynthesis\mipi_dphy_protocol_analyzer.vg"
Parsing netlist file "C:\Users\rui\Desktop\iphone_screen\gowin_fpga_mipi_prj\mipi_dphy_protocol_analyzer\impl\gwsynthesis\mipi_dphy_protocol_analyzer.vg" completed
Processing netlist completed
Reading constraint file: "C:\Users\rui\Desktop\iphone_screen\gowin_fpga_mipi_prj\mipi_dphy_protocol_analyzer\src\mipi_dphy_protocol_analyzer.cst"
Physical Constraint parsed completed
Running placement......
[10%] Placement Phase 0 completed
[20%] Placement Phase 1 completed
[30%] Placement Phase 2 completed
WARN  (TA1044) : Input delay set on clock port is ignored
WARN  (TA1132) :  'tck_pad_i' was determined to be a clock but was not created.
WARN  (TA1132) :  'clkdiv_byte_clk/CLKOUT.default_gen_clk' was determined to be a clock but was not created.
WARN  (TA1132) :  'ckdiv8_1/clkdiv_inst/CLKOUT.default_gen_clk' was determined to be a clock but was not created.
WARN  (TA1132) :  'ckdiv8_2/clkdiv_inst/CLKOUT.default_gen_clk' was determined to be a clock but was not created.
WARN  (TA1117) : Can't calculate clocks' relationship between: "tck_pad_i" and "clkdiv_byte_clk/CLKOUT.default_gen_clk"
WARN  (TA1117) : Can't calculate clocks' relationship between: "clkdiv_byte_clk/CLKOUT.default_gen_clk" and "tck_pad_i"
[50%] Placement Phase 3 completed
Running routing......
[60%] Routing Phase 0 completed
[70%] Routing Phase 1 completed
[80%] Routing Phase 2 completed
[90%] Routing Phase 3 completed
Running timing analysis......
[95%] Timing analysis completed
Placement and routing completed
Bitstream generation in progress......
Bitstream generation completed
Running power analysis......
[100%] Power analysis completed
Generate file "C:\Users\rui\Desktop\iphone_screen\gowin_fpga_mipi_prj\mipi_dphy_protocol_analyzer\impl\pnr\mipi_dphy_protocol_analyzer.power.html" completed
Generate file "C:\Users\rui\Desktop\iphone_screen\gowin_fpga_mipi_prj\mipi_dphy_protocol_analyzer\impl\pnr\mipi_dphy_protocol_analyzer.pin.html" completed
Generate file "C:\Users\rui\Desktop\iphone_screen\gowin_fpga_mipi_prj\mipi_dphy_protocol_analyzer\impl\pnr\mipi_dphy_protocol_analyzer.rpt.html" completed
Generate file "C:\Users\rui\Desktop\iphone_screen\gowin_fpga_mipi_prj\mipi_dphy_protocol_analyzer\impl\pnr\mipi_dphy_protocol_analyzer.rpt.txt" completed
Generate file "C:\Users\rui\Desktop\iphone_screen\gowin_fpga_mipi_prj\mipi_dphy_protocol_analyzer\impl\pnr\mipi_dphy_protocol_analyzer.tr.html" completed
Sun Jan  1 08:53:17 2023

